mode: set
github.com/lgu-elo/auth/internal/app/app.go:24.12,26.2 1 0
github.com/lgu-elo/auth/internal/app/app.go:28.28,30.57 1 1
github.com/lgu-elo/auth/internal/app/app.go:30.57,32.4 1 0
github.com/lgu-elo/auth/internal/app/app.go:37.23,40.5 2 0
github.com/lgu-elo/auth/internal/app/app.go:48.45,52.5 1 0
github.com/lgu-elo/auth/internal/app/app.go:58.87,63.16 4 0
github.com/lgu-elo/auth/internal/app/app.go:68.2,68.49 1 0
github.com/lgu-elo/auth/internal/app/app.go:63.16,66.3 2 0
github.com/lgu-elo/auth/internal/app/app.go:68.49,71.3 2 0
github.com/lgu-elo/auth/internal/auth/handler.go:25.85,27.2 1 1
github.com/lgu-elo/auth/internal/auth/handler.go:29.92,30.44 1 1
github.com/lgu-elo/auth/internal/auth/handler.go:34.2,35.16 2 1
github.com/lgu-elo/auth/internal/auth/handler.go:39.2,41.8 1 1
github.com/lgu-elo/auth/internal/auth/handler.go:30.44,32.3 1 1
github.com/lgu-elo/auth/internal/auth/handler.go:35.16,37.3 1 1
github.com/lgu-elo/auth/internal/auth/handler.go:44.98,45.43 1 1
github.com/lgu-elo/auth/internal/auth/handler.go:49.2,50.16 2 1
github.com/lgu-elo/auth/internal/auth/handler.go:54.2,56.8 1 1
github.com/lgu-elo/auth/internal/auth/handler.go:45.43,47.3 1 1
github.com/lgu-elo/auth/internal/auth/handler.go:50.16,52.3 1 1
github.com/lgu-elo/auth/internal/auth/repository.go:16.76,29.16 6 0
github.com/lgu-elo/auth/internal/auth/repository.go:33.2,33.19 1 0
github.com/lgu-elo/auth/internal/auth/repository.go:29.16,31.3 1 0
github.com/lgu-elo/auth/internal/auth/repository.go:36.55,49.16 5 0
github.com/lgu-elo/auth/internal/auth/repository.go:53.2,53.12 1 0
github.com/lgu-elo/auth/internal/auth/repository.go:49.16,51.3 1 0
github.com/lgu-elo/auth/internal/auth/service.go:29.43,31.2 1 1
github.com/lgu-elo/auth/internal/auth/service.go:33.53,34.62 1 1
github.com/lgu-elo/auth/internal/auth/service.go:37.2,37.13 1 1
github.com/lgu-elo/auth/internal/auth/service.go:34.62,36.3 1 1
github.com/lgu-elo/auth/internal/auth/service.go:40.76,49.20 3 1
github.com/lgu-elo/auth/internal/auth/service.go:53.2,55.46 2 1
github.com/lgu-elo/auth/internal/auth/service.go:59.2,60.16 2 1
github.com/lgu-elo/auth/internal/auth/service.go:64.2,64.19 1 1
github.com/lgu-elo/auth/internal/auth/service.go:49.20,51.3 1 0
github.com/lgu-elo/auth/internal/auth/service.go:55.46,57.3 1 1
github.com/lgu-elo/auth/internal/auth/service.go:60.16,62.3 1 0
github.com/lgu-elo/auth/internal/auth/service.go:67.71,72.16 3 1
github.com/lgu-elo/auth/internal/auth/service.go:76.2,77.16 2 1
github.com/lgu-elo/auth/internal/auth/service.go:81.2,81.19 1 1
github.com/lgu-elo/auth/internal/auth/service.go:72.16,74.3 1 1
github.com/lgu-elo/auth/internal/auth/service.go:77.16,79.3 1 0
github.com/lgu-elo/auth/internal/auth/storage.go:16.83,18.2 1 0
